<?xml version="1.0" encoding="UTF-8"?>
<testng-results ignored="0" total="1" passed="1" failed="0" skipped="0">
  <reporter-output>
  </reporter-output>
  <suite started-at="2023-05-01T11:13:34 IST" name="Default suite" finished-at="2023-05-01T11:13:43 IST" duration-ms="8391">
    <groups>
    </groups>
    <test started-at="2023-05-01T11:13:34 IST" name="Default test" finished-at="2023-05-01T11:13:43 IST" duration-ms="8391">
      <class name="org.OrangeHRM.TestCases.TC_001_ValidateLogin">
        <test-method is-config="true" signature="openBrowser()[pri:0, instance:org.OrangeHRM.TestCases.TC_001_ValidateLogin@47e2e487]" started-at="2023-05-01T11:13:34 IST" name="openBrowser" finished-at="2023-05-01T11:13:40 IST" duration-ms="5881" status="PASS">
          <reporter-output>
          </reporter-output>
        </test-method> <!-- openBrowser -->
        <test-method signature="verifyLogin()[pri:0, instance:org.OrangeHRM.TestCases.TC_001_ValidateLogin@47e2e487]" started-at="2023-05-01T11:13:40 IST" name="verifyLogin" finished-at="2023-05-01T11:13:43 IST" duration-ms="2332" status="PASS">
          <reporter-output>
          </reporter-output>
        </test-method> <!-- verifyLogin -->
        <test-method is-config="true" signature="closeBrowser()[pri:0, instance:org.OrangeHRM.TestCases.TC_001_ValidateLogin@47e2e487]" started-at="2023-05-01T11:13:43 IST" name="closeBrowser" finished-at="2023-05-01T11:13:43 IST" duration-ms="146" status="PASS">
          <reporter-output>
          </reporter-output>
        </test-method> <!-- closeBrowser -->
      </class> <!-- org.OrangeHRM.TestCases.TC_001_ValidateLogin -->
    </test> <!-- Default test -->
  </suite> <!-- Default suite -->
</testng-results>
